<?xml version="1.0" encoding="UTF-8"?>
<!-- Generated by org.testng.reporters.JUnitReportReporter -->
<testsuite skipped="0" hostname="DESKTOP-ICSBMB7" name="com.learning.testcases.pageFactories.RediffTest_PF" tests="1" failures="0" timestamp="2021-02-10T23:17:10 IST" time="30.355" errors="0">
  <testcase name="Login" time="30.355" classname="com.learning.testcases.pageFactories.RediffTest_PF"/>
  <system-out/>
</testsuite> <!-- com.learning.testcases.pageFactories.RediffTest_PF -->
