<?xml version="1.0" encoding="UTF-8"?>
<!-- Generated by org.testng.reporters.JUnitReportReporter -->
<testsuite skipped="0" hostname="DESKTOP-ICSBMB7" name="com.learning.testcases.LoginApp" tests="1" failures="0" timestamp="2021-02-10T22:55:04 IST" time="26.400" errors="0">
  <testcase name="Login" time="26.400" classname="com.learning.testcases.LoginApp"/>
  <system-out/>
</testsuite> <!-- com.learning.testcases.LoginApp -->
