<?xml version="1.0" encoding="UTF-8"?>
<!-- Generated by org.testng.reporters.JUnitReportReporter -->
<testsuite skipped="0" hostname="DESKTOP-ICSBMB7" name="com.learning.testcases.RediffTest" tests="1" failures="0" timestamp="2021-02-10T22:59:04 IST" time="32.593" errors="0">
  <testcase name="Login" time="32.593" classname="com.learning.testcases.RediffTest"/>
  <system-out/>
</testsuite> <!-- com.learning.testcases.RediffTest -->
